2024-07-27 22:17:36 Loading main app package /usr/lib/obsidian/obsidian.asar
2024-07-27 22:17:36 Checking for update using Github
2024-07-27 22:17:36 Success.
2024-07-27 22:17:36 Latest version is 1.6.7
2024-07-27 22:17:36 App is up to date.
2024-07-27 23:17:36 Checking for update using Github
2024-07-27 23:17:36 Success.
2024-07-27 23:17:36 Latest version is 1.6.7
2024-07-27 23:17:36 App is up to date.
2024-07-28 00:17:36 Checking for update using Github
2024-07-28 00:17:36 Success.
2024-07-28 00:17:36 Latest version is 1.6.7
2024-07-28 00:17:36 App is up to date.
2024-07-28 01:17:36 Checking for update using Github
2024-07-28 01:17:37 Success.
2024-07-28 01:17:37 Latest version is 1.6.7
2024-07-28 01:17:37 App is up to date.
2024-07-28 02:17:36 Checking for update using Github
2024-07-28 02:17:36 Success.
2024-07-28 02:17:36 Latest version is 1.6.7
2024-07-28 02:17:36 App is up to date.
2024-07-28 03:17:36 Checking for update using Github
2024-07-28 03:17:36 Success.
2024-07-28 03:17:36 Latest version is 1.6.7
2024-07-28 03:17:36 App is up to date.
2024-07-28 04:17:36 Checking for update using Github
2024-07-28 04:17:37 Success.
2024-07-28 04:17:37 Latest version is 1.6.7
2024-07-28 04:17:37 App is up to date.
2024-07-28 05:17:37 Checking for update using Github
2024-07-28 05:17:37 Success.
2024-07-28 05:17:37 Latest version is 1.6.7
2024-07-28 05:17:37 App is up to date.
2024-07-28 06:17:37 Checking for update using Github
2024-07-28 06:17:37 Success.
2024-07-28 06:17:37 Latest version is 1.6.7
2024-07-28 06:17:37 App is up to date.
2024-07-28 07:17:37 Checking for update using Github
2024-07-28 07:17:37 Success.
2024-07-28 07:17:37 Latest version is 1.6.7
2024-07-28 07:17:37 App is up to date.
2024-07-28 08:17:37 Checking for update using Github
2024-07-28 08:17:37 Success.
2024-07-28 08:17:37 Latest version is 1.6.7
2024-07-28 08:17:37 App is up to date.
2024-07-28 09:17:37 Checking for update using Github
2024-07-28 09:17:37 Success.
2024-07-28 09:17:37 Latest version is 1.6.7
2024-07-28 09:17:37 App is up to date.
2024-07-28 10:17:37 Checking for update using Github
2024-07-28 10:17:37 Success.
2024-07-28 10:17:37 Latest version is 1.6.7
2024-07-28 10:17:37 App is up to date.
2024-07-28 22:57:45 Loading main app package /usr/lib/obsidian/obsidian.asar
2024-07-28 22:57:45 Checking for update using Github
2024-07-28 22:57:45 Success.
2024-07-28 22:57:45 Latest version is 1.6.7
2024-07-28 22:57:45 App is up to date.
